1498 [main] INFO  c.a.druid.pool.DruidDataSource - {dataSource-1} inited
1511 [main] DEBUG nuc.bsd.report.Main - 正在获取问题行为报告数据
1917 [main] DEBUG nuc.bsd.report.Main - 获取问题行为报告数据结束
1944 [main] DEBUG nuc.bsd.report.Main - 正在处理报告:49,学生:梅佳明
1954 [main] DEBUG nuc.bsd.report.Impl.PdfReport - 正在准备所需的图表
10941 [main] INFO  nuc.bsd.util.EChartsUtil - 图表服务器生成成功
13232 [main] INFO  nuc.bsd.report.Impl.PdfReport - p1生成成功
13255 [main] DEBUG nuc.bsd.report.Impl.PdfReport - p20:{'series':[{'startAngle':270,'data':[{'name':'自伤指数','value':53}],'max':100,'endAngle':0,'splitNumber':10,'type':'gauge','title':{'offsetCenter':[40,30],'show':true,'textStyle':{'color':'#333','fontSize':20}},'axisLabel':{'show':true,'textStyle':{'color':'#333'}},'min':0,'grid':{'x':10,'y':-10,'y2':10,'x2':10},'axisLine':{'lineStyle':{'color':[[0.84,'#90ee90'],[0.98,'#ffa500'],[1,'#ff4500']],'width':30}},'name':'','axisTick':{'lineStyle':{'color':'#eee','width':1,'type':'solid'},'show':false,'length':8},'splitLine':{'lineStyle':{'color':'#eee','width':2,'type':'solid'},'show':false,'length':15},'detail':{'offsetCenter':[40,60],'backgroundColor':'rgba(0,0,0,0)','borderColor':'#ccc','borderWidth':0,'show':true,'width':100,'textStyle':{'color':'auto','fontSize':30},'height':40}}]}
13739 [main] INFO  nuc.bsd.util.EChartsUtil - 图表服务器生成成功
13848 [main] INFO  nuc.bsd.report.Impl.PdfReport - p20生成成功
13881 [main] DEBUG nuc.bsd.report.Impl.PdfReport - p21:{'series':[{'startAngle':180,'data':[{'name':'无助感指数','value':62}],'max':100,'endAngle':-90,'splitNumber':10,'type':'gauge','title':{'offsetCenter':[-40,30],'show':true,'textStyle':{'color':'#333','fontSize':20}},'axisLabel':{'show':true,'textStyle':{'color':'#333'}},'min':0,'grid':{'x':10,'y':-10,'y2':10,'x2':10},'axisLine':{'lineStyle':{'color':[[0.84,'#90ee90'],[0.98,'#ffa500'],[1,'#ff4500']],'width':30}},'name':'','axisTick':{'lineStyle':{'color':'#eee','width':1,'type':'solid'},'show':false,'length':8},'splitLine':{'lineStyle':{'color':'#eee','width':2,'type':'solid'},'show':false,'length':15},'detail':{'offsetCenter':[-40,60],'backgroundColor':'rgba(0,0,0,0)','borderColor':'#ccc','borderWidth':0,'show':true,'width':100,'textStyle':{'color':'auto','fontSize':30},'height':40}}]}
14031 [main] INFO  nuc.bsd.util.EChartsUtil - 图表服务器生成成功
14112 [main] INFO  nuc.bsd.report.Impl.PdfReport - p21生成成功
14137 [main] DEBUG nuc.bsd.report.Impl.PdfReport - p22:{'series':[{'startAngle':0,'data':[{'name':'人际障碍指数','value':78}],'max':100,'endAngle':-270,'splitNumber':10,'type':'gauge','title':{'offsetCenter':[40,-30],'show':true,'textStyle':{'color':'#333','fontSize':20}},'axisLabel':{'show':true,'textStyle':{'color':'#333'}},'min':0,'grid':{'x':10,'y':10,'y2':10,'x2':10},'axisLine':{'lineStyle':{'color':[[0.84,'#90ee90'],[0.98,'#ffa500'],[1,'#ff4500']],'width':30}},'name':'','axisTick':{'lineStyle':{'color':'#eee','width':1,'type':'solid'},'show':false,'length':8},'splitLine':{'lineStyle':{'color':'#eee','width':2,'type':'solid'},'show':false,'length':15},'detail':{'offsetCenter':[40,-60],'backgroundColor':'rgba(0,0,0,0)','borderColor':'#ccc','borderWidth':0,'show':true,'width':100,'textStyle':{'color':'auto','fontSize':30},'height':40}}]}
14608 [main] INFO  nuc.bsd.util.EChartsUtil - 图表服务器生成成功
14689 [main] INFO  nuc.bsd.report.Impl.PdfReport - p22生成成功
14712 [main] DEBUG nuc.bsd.report.Impl.PdfReport - p23:{'series':[{'startAngle':90,'data':[{'name':'成瘾指数','value':50}],'max':100,'endAngle':-180,'splitNumber':10,'type':'gauge','title':{'offsetCenter':[-40,-30],'rotate':45,'show':true,'textStyle':{'color':'#333','fontSize':20}},'axisLabel':{'show':true,'textStyle':{'color':'#333'}},'min':0,'grid':{'x':10,'y':10,'y2':10,'x2':10},'axisLine':{'lineStyle':{'color':[[0.84,'#90ee90'],[0.98,'#ffa500'],[1,'#ff4500']],'width':30}},'name':'','axisTick':{'lineStyle':{'color':'#eee','width':1,'type':'solid'},'show':false,'length':8},'splitLine':{'lineStyle':{'color':'#eee','width':2,'type':'solid'},'show':false,'length':15},'detail':{'offsetCenter':[-40,-60],'backgroundColor':'rgba(0,0,0,0)','borderColor':'#ccc','borderWidth':0,'show':true,'width':100,'textStyle':{'color':'auto','fontSize':30},'height':40}}]}
15489 [main] INFO  nuc.bsd.util.EChartsUtil - 图表服务器生成成功
15565 [main] INFO  nuc.bsd.report.Impl.PdfReport - p23生成成功
15628 [main] DEBUG nuc.bsd.report.Impl.PdfReport - p24:{'series':[{'startAngle':270,'data':[{'name':'受欺负指数','value':73}],'max':100,'endAngle':0,'splitNumber':10,'type':'gauge','title':{'offsetCenter':[40,30],'show':true,'textStyle':{'color':'#333','fontSize':20}},'axisLabel':{'show':true,'textStyle':{'color':'#333'}},'min':0,'grid':{'x':10,'y':-10,'y2':10,'x2':10},'axisLine':{'lineStyle':{'color':[[0.84,'#90ee90'],[0.98,'#ffa500'],[1,'#ff4500']],'width':30}},'name':'','axisTick':{'lineStyle':{'color':'#eee','width':1,'type':'solid'},'show':false,'length':8},'splitLine':{'lineStyle':{'color':'#eee','width':2,'type':'solid'},'show':false,'length':15},'detail':{'offsetCenter':[40,60],'backgroundColor':'rgba(0,0,0,0)','borderColor':'#ccc','borderWidth':0,'show':true,'width':100,'textStyle':{'color':'auto','fontSize':30},'height':40}}]}
15960 [main] INFO  nuc.bsd.util.EChartsUtil - 图表服务器生成成功
16040 [main] INFO  nuc.bsd.report.Impl.PdfReport - p24生成成功
16122 [main] DEBUG nuc.bsd.report.Impl.PdfReport - p25:{'series':[{'startAngle':180,'data':[{'name':'行为失常指数','value':51}],'max':100,'endAngle':-90,'splitNumber':10,'type':'gauge','title':{'offsetCenter':[-40,30],'show':true,'textStyle':{'color':'#333','fontSize':20}},'axisLabel':{'show':true,'textStyle':{'color':'#333'}},'min':0,'grid':{'x':10,'y':-10,'y2':10,'x2':10},'axisLine':{'lineStyle':{'color':[[0.84,'#90ee90'],[0.98,'#ffa500'],[1,'#ff4500']],'width':30}},'name':'','axisTick':{'lineStyle':{'color':'#eee','width':1,'type':'solid'},'show':false,'length':8},'splitLine':{'lineStyle':{'color':'#eee','width':2,'type':'solid'},'show':false,'length':15},'detail':{'offsetCenter':[-40,60],'backgroundColor':'rgba(0,0,0,0)','borderColor':'#ccc','borderWidth':0,'show':true,'width':100,'textStyle':{'color':'auto','fontSize':30},'height':40}}]}
16509 [main] INFO  nuc.bsd.util.EChartsUtil - 图表服务器生成成功
16570 [main] INFO  nuc.bsd.report.Impl.PdfReport - p25生成成功
16597 [main] DEBUG nuc.bsd.report.Impl.PdfReport - p26:{'series':[{'startAngle':0,'data':[{'name':'躁狂指数','value':68}],'max':100,'endAngle':-270,'splitNumber':10,'type':'gauge','title':{'offsetCenter':[40,-30],'show':true,'textStyle':{'color':'#333','fontSize':20}},'axisLabel':{'show':true,'textStyle':{'color':'#333'}},'min':0,'grid':{'x':10,'y':10,'y2':10,'x2':10},'axisLine':{'lineStyle':{'color':[[0.84,'#90ee90'],[0.98,'#ffa500'],[1,'#ff4500']],'width':30}},'name':'','axisTick':{'lineStyle':{'color':'#eee','width':1,'type':'solid'},'show':false,'length':8},'splitLine':{'lineStyle':{'color':'#eee','width':2,'type':'solid'},'show':false,'length':15},'detail':{'offsetCenter':[40,-60],'backgroundColor':'rgba(0,0,0,0)','borderColor':'#ccc','borderWidth':0,'show':true,'width':100,'textStyle':{'color':'auto','fontSize':30},'height':40}}]}
16734 [main] INFO  nuc.bsd.util.EChartsUtil - 图表服务器生成成功
16791 [main] INFO  nuc.bsd.report.Impl.PdfReport - p26生成成功
16807 [main] DEBUG nuc.bsd.report.Impl.PdfReport - p27:{'series':[{'startAngle':90,'data':[{'name':'身体不适指数','value':51}],'max':100,'endAngle':-180,'splitNumber':10,'type':'gauge','title':{'offsetCenter':[-40,-30],'rotate':45,'show':true,'textStyle':{'color':'#333','fontSize':20}},'axisLabel':{'show':true,'textStyle':{'color':'#333'}},'min':0,'grid':{'x':10,'y':10,'y2':10,'x2':10},'axisLine':{'lineStyle':{'color':[[0.84,'#90ee90'],[0.98,'#ffa500'],[1,'#ff4500']],'width':30}},'name':'','axisTick':{'lineStyle':{'color':'#eee','width':1,'type':'solid'},'show':false,'length':8},'splitLine':{'lineStyle':{'color':'#eee','width':2,'type':'solid'},'show':false,'length':15},'detail':{'offsetCenter':[-40,-60],'backgroundColor':'rgba(0,0,0,0)','borderColor':'#ccc','borderWidth':0,'show':true,'width':100,'textStyle':{'color':'auto','fontSize':30},'height':40}}]}
16962 [main] INFO  nuc.bsd.util.EChartsUtil - 图表服务器生成成功
17026 [main] INFO  nuc.bsd.report.Impl.PdfReport - p27生成成功
17045 [main] DEBUG nuc.bsd.report.Impl.PdfReport - p28:{'series':[{'startAngle':270,'data':[{'name':'厌学指数','value':56}],'max':100,'endAngle':0,'splitNumber':10,'type':'gauge','title':{'offsetCenter':[40,30],'show':true,'textStyle':{'color':'#333','fontSize':20}},'axisLabel':{'show':true,'textStyle':{'color':'#333'}},'min':0,'grid':{'x':10,'y':-10,'y2':10,'x2':10},'axisLine':{'lineStyle':{'color':[[0.84,'#90ee90'],[0.98,'#ffa500'],[1,'#ff4500']],'width':30}},'name':'','axisTick':{'lineStyle':{'color':'#eee','width':1,'type':'solid'},'show':false,'length':8},'splitLine':{'lineStyle':{'color':'#eee','width':2,'type':'solid'},'show':false,'length':15},'detail':{'offsetCenter':[40,60],'backgroundColor':'rgba(0,0,0,0)','borderColor':'#ccc','borderWidth':0,'show':true,'width':100,'textStyle':{'color':'auto','fontSize':30},'height':40}}]}
17163 [main] INFO  nuc.bsd.util.EChartsUtil - 图表服务器生成成功
17224 [main] INFO  nuc.bsd.report.Impl.PdfReport - p28生成成功
17242 [main] DEBUG nuc.bsd.report.Impl.PdfReport - p29:{'series':[{'startAngle':180,'data':[{'name':'分心指数','value':55}],'max':100,'endAngle':-90,'splitNumber':10,'type':'gauge','title':{'offsetCenter':[-40,30],'show':true,'textStyle':{'color':'#333','fontSize':20}},'axisLabel':{'show':true,'textStyle':{'color':'#333'}},'min':0,'grid':{'x':10,'y':-10,'y2':10,'x2':10},'axisLine':{'lineStyle':{'color':[[0.84,'#90ee90'],[0.98,'#ffa500'],[1,'#ff4500']],'width':30}},'name':'','axisTick':{'lineStyle':{'color':'#eee','width':1,'type':'solid'},'show':false,'length':8},'splitLine':{'lineStyle':{'color':'#eee','width':2,'type':'solid'},'show':false,'length':15},'detail':{'offsetCenter':[-40,60],'backgroundColor':'rgba(0,0,0,0)','borderColor':'#ccc','borderWidth':0,'show':true,'width':100,'textStyle':{'color':'auto','fontSize':30},'height':40}}]}
17354 [main] INFO  nuc.bsd.util.EChartsUtil - 图表服务器生成成功
17411 [main] INFO  nuc.bsd.report.Impl.PdfReport - p29生成成功
17455 [main] DEBUG nuc.bsd.report.Impl.PdfReport - p30:{'series':[{'startAngle':0,'data':[{'name':'考试焦虑指数','value':48}],'max':100,'endAngle':-270,'splitNumber':10,'type':'gauge','title':{'offsetCenter':[40,-30],'show':true,'textStyle':{'color':'#333','fontSize':20}},'axisLabel':{'show':true,'textStyle':{'color':'#333'}},'min':0,'grid':{'x':10,'y':10,'y2':10,'x2':10},'axisLine':{'lineStyle':{'color':[[0.84,'#90ee90'],[0.98,'#ffa500'],[1,'#ff4500']],'width':30}},'name':'','axisTick':{'lineStyle':{'color':'#eee','width':1,'type':'solid'},'show':false,'length':8},'splitLine':{'lineStyle':{'color':'#eee','width':2,'type':'solid'},'show':false,'length':15},'detail':{'offsetCenter':[40,-60],'backgroundColor':'rgba(0,0,0,0)','borderColor':'#ccc','borderWidth':0,'show':true,'width':100,'textStyle':{'color':'auto','fontSize':30},'height':40}}]}
17573 [main] INFO  nuc.bsd.util.EChartsUtil - 图表服务器生成成功
17635 [main] INFO  nuc.bsd.report.Impl.PdfReport - p30生成成功
17654 [main] DEBUG nuc.bsd.report.Impl.PdfReport - p31:{'series':[{'startAngle':90,'data':[{'name':'师生冲突指数','value':59}],'max':100,'endAngle':-180,'splitNumber':10,'type':'gauge','title':{'offsetCenter':[-40,-30],'rotate':45,'show':true,'textStyle':{'color':'#333','fontSize':20}},'axisLabel':{'show':true,'textStyle':{'color':'#333'}},'min':0,'grid':{'x':10,'y':10,'y2':10,'x2':10},'axisLine':{'lineStyle':{'color':[[0.84,'#90ee90'],[0.98,'#ffa500'],[1,'#ff4500']],'width':30}},'name':'','axisTick':{'lineStyle':{'color':'#eee','width':1,'type':'solid'},'show':false,'length':8},'splitLine':{'lineStyle':{'color':'#eee','width':2,'type':'solid'},'show':false,'length':15},'detail':{'offsetCenter':[-40,-60],'backgroundColor':'rgba(0,0,0,0)','borderColor':'#ccc','borderWidth':0,'show':true,'width':100,'textStyle':{'color':'auto','fontSize':30},'height':40}}]}
17919 [main] INFO  nuc.bsd.util.EChartsUtil - 图表服务器生成成功
17988 [main] INFO  nuc.bsd.report.Impl.PdfReport - p31生成成功
17988 [main] DEBUG nuc.bsd.report.Impl.PdfReport - 图表准备完毕
18251 [main] ERROR nuc.bsd.report.Impl.PdfReport - 模板或字体文件读写错误c:\out\pb_template.pdf not found as file or resource.
18252 [main] DEBUG nuc.bsd.report.Main - 完成处理报告:49,学生:梅佳明
18252 [main] DEBUG nuc.bsd.report.Main - 正在回写问题行为报告数据库...+共:1记录
18451 [main] DEBUG nuc.bsd.report.Main - 回写完成
18454 [main] INFO  c.a.druid.pool.DruidDataSource - {dataSource-1} closed
